"D:/mypro/Unreal_Demo/FirstPersonDemo/Content/AnimStarterPack/UE4_Mannequin/Mesh/UE4_Mannequin_Skeleton.uasset" 0
"D:/mypro/Unreal_Demo/FirstPersonDemo/Content/AnimStarterPack/Aim_Space_Hip.uasset" 1
"D:/mypro/Unreal_Demo/FirstPersonDemo/Content/AnimStarterPack/Aim_Space_Ironsights.uasset" 2
"D:/mypro/Unreal_Demo/FirstPersonDemo/Content/AnimStarterPack/Crouch_to_Stand_Rifle_Hip.uasset" 3
"D:/mypro/Unreal_Demo/FirstPersonDemo/Content/AnimStarterPack/Crouch_to_Stand_Rifle_Ironsights.uasset" 4
"D:/mypro/Unreal_Demo/FirstPersonDemo/Content/AnimStarterPack/Crouch_Walk_Bwd_Rifle_Ironsights.uasset" 5
"D:/mypro/Unreal_Demo/FirstPersonDemo/Content/AnimStarterPack/Crouch_Walk_Lt_Rifle_Ironsights.uasset" 6
"D:/mypro/Unreal_Demo/FirstPersonDemo/Content/AnimStarterPack/Crouch_Walk_Rt_Rifle_Ironsights.uasset" 7
"D:/mypro/Unreal_Demo/FirstPersonDemo/Content/AnimStarterPack/Death_2.uasset" 8
"D:/mypro/Unreal_Demo/FirstPersonDemo/Content/AnimStarterPack/Death_3.uasset" 9
"D:/mypro/Unreal_Demo/FirstPersonDemo/Content/AnimStarterPack/Death_Ironsights_1.uasset" 10
"D:/mypro/Unreal_Demo/FirstPersonDemo/Content/AnimStarterPack/Death_Ironsights_2.uasset" 11
"D:/mypro/Unreal_Demo/FirstPersonDemo/Content/AnimStarterPack/Equip_Rifle_Standing.uasset" 12
"D:/mypro/Unreal_Demo/FirstPersonDemo/Content/AnimStarterPack/Fire_Rifle_Hip.uasset" 13
"D:/mypro/Unreal_Demo/FirstPersonDemo/Content/AnimStarterPack/Fire_Shotgun_Hip.uasset" 14
"D:/mypro/Unreal_Demo/FirstPersonDemo/Content/AnimStarterPack/Fire_Shotgun_Ironsights.uasset" 15
"D:/mypro/Unreal_Demo/FirstPersonDemo/Content/AnimStarterPack/Hit_React_4.uasset" 16
"D:/mypro/Unreal_Demo/FirstPersonDemo/Content/AnimStarterPack/Idle_Pistol.uasset" 17
"D:/mypro/Unreal_Demo/FirstPersonDemo/Content/AnimStarterPack/Idle_Rifle_Ironsights.uasset" 18
"D:/mypro/Unreal_Demo/FirstPersonDemo/Content/AnimStarterPack/Jump_From_Stand_Ironsights.uasset" 19
"D:/mypro/Unreal_Demo/FirstPersonDemo/Content/AnimStarterPack/Prone_Death_1.uasset" 20
"D:/mypro/Unreal_Demo/FirstPersonDemo/Content/AnimStarterPack/Prone_Death_2.uasset" 21
"D:/mypro/Unreal_Demo/FirstPersonDemo/Content/AnimStarterPack/Prone_Fire_1.uasset" 22
"D:/mypro/Unreal_Demo/FirstPersonDemo/Content/AnimStarterPack/Prone_Fire_2.uasset" 23
"D:/mypro/Unreal_Demo/FirstPersonDemo/Content/AnimStarterPack/Prone_Idle.uasset" 24
"D:/mypro/Unreal_Demo/FirstPersonDemo/Content/AnimStarterPack/Prone_Reload_Rifle.uasset" 25
"D:/mypro/Unreal_Demo/FirstPersonDemo/Content/AnimStarterPack/Prone_Reload_Shotgun.uasset" 26
"D:/mypro/Unreal_Demo/FirstPersonDemo/Content/AnimStarterPack/Prone_To_Stand.uasset" 27
"D:/mypro/Unreal_Demo/FirstPersonDemo/Content/AnimStarterPack/Reload_Pistol.uasset" 28
"D:/mypro/Unreal_Demo/FirstPersonDemo/Content/AnimStarterPack/Reload_Rifle_Ironsights.uasset" 29
"D:/mypro/Unreal_Demo/FirstPersonDemo/Content/AnimStarterPack/Reload_Shotgun_Hip.uasset" 30
"D:/mypro/Unreal_Demo/FirstPersonDemo/Content/AnimStarterPack/Reload_Shotgun_Ironsights.uasset" 31
"D:/mypro/Unreal_Demo/FirstPersonDemo/Content/AnimStarterPack/Sprint_Fwd_Rifle.uasset" 32
"D:/mypro/Unreal_Demo/FirstPersonDemo/Content/AnimStarterPack/Stand_to_Crouch_Rifle_Hip.uasset" 33
"D:/mypro/Unreal_Demo/FirstPersonDemo/Content/AnimStarterPack/Stand_to_Crouch_Rifle_Ironsights.uasset" 34
"D:/mypro/Unreal_Demo/FirstPersonDemo/Content/AnimStarterPack/Stand_To_Prone.uasset" 35
"D:/mypro/Unreal_Demo/FirstPersonDemo/Content/AnimStarterPack/Walk_Bwd_Rifle_Ironsights.uasset" 36
"D:/mypro/Unreal_Demo/FirstPersonDemo/Content/AnimStarterPack/Walk_Lt_Rifle_Ironsights.uasset" 37
"D:/mypro/Unreal_Demo/FirstPersonDemo/Content/AnimStarterPack/Walk_Rt_Rifle_Ironsights.uasset" 38
"D:/mypro/Unreal_Demo/FirstPersonDemo/Content/Audio/FirstPersonTemplateWeaponFire02.uasset" 39
"D:/mypro/Unreal_Demo/FirstPersonDemo/Content/AnimStarterPack/Crouch_Idle_Rifle_Hip.uasset" 40
"D:/mypro/Unreal_Demo/FirstPersonDemo/Content/AnimStarterPack/Death_1.uasset" 41
"D:/mypro/Unreal_Demo/FirstPersonDemo/Content/AnimStarterPack/Idle_Rifle_Hip.uasset" 42
"D:/mypro/Unreal_Demo/FirstPersonDemo/Content/AnimStarterPack/Jump_From_Jog.uasset" 43
"D:/mypro/Unreal_Demo/FirstPersonDemo/Content/AnimStarterPack/Jump_From_Stand.uasset" 44
"D:/mypro/Unreal_Demo/FirstPersonDemo/Content/AnimStarterPack/Crouch_Walk_Bwd_Rifle_Hip.uasset" 45
"D:/mypro/Unreal_Demo/FirstPersonDemo/Content/AnimStarterPack/Crouch_Walk_Fwd_Rifle_Hip.uasset" 46
"D:/mypro/Unreal_Demo/FirstPersonDemo/Content/AnimStarterPack/Crouch_Walk_Lt_Rifle_Hip.uasset" 47
"D:/mypro/Unreal_Demo/FirstPersonDemo/Content/AnimStarterPack/Crouch_Walk_Rt_Rifle_Hip.uasset" 48
"D:/mypro/Unreal_Demo/FirstPersonDemo/Content/AnimStarterPack/BS_CrouchWalk.uasset" 49
"D:/mypro/Unreal_Demo/FirstPersonDemo/Content/AnimStarterPack/Jog_Bwd_Rifle.uasset" 50
"D:/mypro/Unreal_Demo/FirstPersonDemo/Content/AnimStarterPack/Jog_Fwd_Rifle.uasset" 51
"D:/mypro/Unreal_Demo/FirstPersonDemo/Content/AnimStarterPack/Jog_Lt_Rifle.uasset" 52
"D:/mypro/Unreal_Demo/FirstPersonDemo/Content/AnimStarterPack/Jog_Rt_Rifle.uasset" 53
"D:/mypro/Unreal_Demo/FirstPersonDemo/Content/AnimStarterPack/BS_Jog.uasset" 54
"D:/mypro/Unreal_Demo/FirstPersonDemo/Content/AnimStarterPack/UE4ASP_HeroTPP_AnimBlueprint.uasset" 55
"../../../Engine/Content/Functions/Engine_MaterialFunctions02/Utility/BlendAngleCorrectedNormals.uasset" 56
"../../../Engine/Content/Functions/MaterialLayerFunctions/MatLayerBlend_AO.uasset" 57
"../../../Engine/Content/Functions/MaterialLayerFunctions/MatLayerBlend_NormalBlend.uasset" 58
"../../../Engine/Content/Functions/MaterialLayerFunctions/MatLayerBlend_Simple.uasset" 59
"D:/mypro/Unreal_Demo/FirstPersonDemo/Content/AnimStarterPack/UE4_Mannequin/Materials/MaterialLayers/T_ML_Rubber_Blue_01_D.uasset" 60
"D:/mypro/Unreal_Demo/FirstPersonDemo/Content/AnimStarterPack/UE4_Mannequin/Materials/MaterialLayers/T_ML_Rubber_Blue_01_N.uasset" 61
"D:/mypro/Unreal_Demo/FirstPersonDemo/Content/AnimStarterPack/UE4_Mannequin/Materials/MaterialLayers/ML_GlossyBlack_Latex_UE4.uasset" 62
"D:/mypro/Unreal_Demo/FirstPersonDemo/Content/AnimStarterPack/UE4_Mannequin/Materials/MaterialLayers/ML_Plastic_Shiny_Beige.uasset" 63
"D:/mypro/Unreal_Demo/FirstPersonDemo/Content/AnimStarterPack/UE4_Mannequin/Textures/UE4_LOGO_CARD.uasset" 64
"D:/mypro/Unreal_Demo/FirstPersonDemo/Content/AnimStarterPack/UE4_Mannequin/Materials/MaterialLayers/ML_Plastic_Shiny_Beige_LOGO.uasset" 65
"D:/mypro/Unreal_Demo/FirstPersonDemo/Content/AnimStarterPack/UE4_Mannequin/Materials/MaterialLayers/T_ML_Aluminum01.uasset" 66
"D:/mypro/Unreal_Demo/FirstPersonDemo/Content/AnimStarterPack/UE4_Mannequin/Materials/MaterialLayers/T_ML_Aluminum01_N.uasset" 67
"D:/mypro/Unreal_Demo/FirstPersonDemo/Content/AnimStarterPack/UE4_Mannequin/Materials/MaterialLayers/ML_SoftMetal_UE4.uasset" 68
"D:/mypro/Unreal_Demo/FirstPersonDemo/Content/AnimStarterPack/UE4_Mannequin/Textures/UE4_Mannequin__normals.uasset" 69
"D:/mypro/Unreal_Demo/FirstPersonDemo/Content/AnimStarterPack/UE4_Mannequin/Textures/UE4_Mannequin_MAT_MASKA.uasset" 70
"D:/mypro/Unreal_Demo/FirstPersonDemo/Content/AnimStarterPack/UE4_Mannequin/Textures/UE4_Mannequin_occlusion_Mobile.uasset" 71
"D:/mypro/Unreal_Demo/FirstPersonDemo/Content/AnimStarterPack/UE4_Mannequin/Materials/M_UE4Man_Body.uasset" 72
"D:/mypro/Unreal_Demo/FirstPersonDemo/Content/AnimStarterPack/UE4_Mannequin/Textures/UE4Man_Logo_N.uasset" 73
"D:/mypro/Unreal_Demo/FirstPersonDemo/Content/AnimStarterPack/UE4_Mannequin/Materials/M_UE4Man_ChestLogo.uasset" 74
"D:/mypro/Unreal_Demo/FirstPersonDemo/Content/AnimStarterPack/UE4_Mannequin/Mesh/SK_Mannequin_PhysicsAsset.uasset" 75
"D:/mypro/Unreal_Demo/FirstPersonDemo/Content/AnimStarterPack/UE4_Mannequin/Mesh/SK_Mannequin.uasset" 76
"D:/mypro/Unreal_Demo/FirstPersonDemo/Content/Blueprints/BP_FPCharacter.uasset" 77
"D:/mypro/Unreal_Demo/FirstPersonDemo/Content/Blueprints/BP_FPGameMode.uasset" 78
"D:/mypro/Unreal_Demo/FirstPersonDemo/Content/Effects/Textures/T_Burst_M.uasset" 79
"D:/mypro/Unreal_Demo/FirstPersonDemo/Content/Effects/Materials/M_Burst.uasset" 80
"D:/mypro/Unreal_Demo/FirstPersonDemo/Content/Effects/Textures/T_Explosion_SubUV.uasset" 81
"D:/mypro/Unreal_Demo/FirstPersonDemo/Content/Effects/Materials/M_explosion_subUV.uasset" 82
"D:/mypro/Unreal_Demo/FirstPersonDemo/Content/Effects/Materials/m_flare_01.uasset" 83
"../../../Engine/Content/Functions/Engine_MaterialFunctions01/Gradient/RadialGradient.uasset" 84
"D:/mypro/Unreal_Demo/FirstPersonDemo/Content/Effects/Materials/M_radial_ramp.uasset" 85
"D:/mypro/Unreal_Demo/FirstPersonDemo/Content/Effects/Textures/T_Smoke_SubUV.uasset" 86
"D:/mypro/Unreal_Demo/FirstPersonDemo/Content/Effects/Textures/T_Smoke_Tiled_D.uasset" 87
"D:/mypro/Unreal_Demo/FirstPersonDemo/Content/Effects/Materials/M_smoke_subUV.uasset" 88
"D:/mypro/Unreal_Demo/FirstPersonDemo/Content/Effects/P_Explosion.uasset" 89
"D:/mypro/Unreal_Demo/FirstPersonDemo/Content/Effects/T_Flame_Tile.uasset" 90
"D:/mypro/Unreal_Demo/FirstPersonDemo/Content/Effects/T_MeshFire_Mask.uasset" 91
"D:/mypro/Unreal_Demo/FirstPersonDemo/Content/Effects/gold_ore_effect.uasset" 92
"D:/mypro/Unreal_Demo/FirstPersonDemo/Content/Effects/sunflare.uasset" 93
"D:/mypro/Unreal_Demo/FirstPersonDemo/Content/Effects/m_flare_03.uasset" 94
"D:/mypro/Unreal_Demo/FirstPersonDemo/Content/Effects/clouds_dust_detail_01.uasset" 95
"D:/mypro/Unreal_Demo/FirstPersonDemo/Content/Effects/M_wind_swirl_02.uasset" 96
"D:/mypro/Unreal_Demo/FirstPersonDemo/Content/Effects/S_SandSwirl.uasset" 97
"D:/mypro/Unreal_Demo/FirstPersonDemo/Content/Effects/P_gold_ore_appearance.uasset" 98
"D:/mypro/Unreal_Demo/FirstPersonDemo/Content/Effects/T_Fire_tile.uasset" 99
"D:/mypro/Unreal_Demo/FirstPersonDemo/Content/Effects/gold_ore_circle2.uasset" 100
"D:/mypro/Unreal_Demo/FirstPersonDemo/Content/Effects/M_Volumetric_Streaks.uasset" 101
"D:/mypro/Unreal_Demo/FirstPersonDemo/Content/Effects/M_single_ray_01.uasset" 102
"D:/mypro/Unreal_Demo/FirstPersonDemo/Content/Effects/P_gold_ore_aura.uasset" 103
"D:/mypro/Unreal_Demo/FirstPersonDemo/Content/Effects/P_gold_ore_lost.uasset" 104
"../../../Engine/Content/Functions/Engine_MaterialFunctions01/Opacity/CameraDepthFade.uasset" 105
"../../../Engine/Content/EngineMaterials/T_Default_Material_Grid_M.uasset" 106
"../../../Engine/Content/EngineMaterials/T_Default_Material_Grid_N.uasset" 107
"../../../Engine/Content/EngineMaterials/WorldGridMaterial.uasset" 108
"D:/mypro/Unreal_Demo/FirstPersonDemo/Content/Effects/round_mask.uasset" 109
"D:/mypro/Unreal_Demo/FirstPersonDemo/Content/Effects/T_Smoke2_Tile.uasset" 110
"D:/mypro/Unreal_Demo/FirstPersonDemo/Content/Effects/Coin2.uasset" 111
"D:/mypro/Unreal_Demo/FirstPersonDemo/Content/Effects/SM_plane_pivot_down.uasset" 112
"D:/mypro/Unreal_Demo/FirstPersonDemo/Content/Effects/P_gold_ore_received.uasset" 113
"../../../Engine/Content/EngineFonts/RobotoDistanceField.uasset" 114
"../../../Engine/Content/Functions/Engine_MaterialFunctions03/Procedurals/ComputeFilterWidth.uasset" 115
"D:/mypro/Unreal_Demo/FirstPersonDemo/Content/Environment/AntiAliasedTextMaterialTranslucent_Glow.uasset" 116
"D:/mypro/Unreal_Demo/FirstPersonDemo/Content/Environment/MF_WorldUVs.uasset" 117
"../../../Engine/Content/EngineResources/WhiteSquareTexture.uasset" 118
"../../../Engine/Content/VREditor/BasicMeshes/T_CleanFloorGrunge_01_D.uasset" 119
"D:/mypro/Unreal_Demo/FirstPersonDemo/Content/Environment/M_Blockout.uasset" 120
"D:/mypro/Unreal_Demo/FirstPersonDemo/Content/Environment/MI_BlockoutBasic.uasset" 121
"D:/mypro/Unreal_Demo/FirstPersonDemo/Content/Environment/M_BlockoutSimple.uasset" 122
"D:/mypro/Unreal_Demo/FirstPersonDemo/Content/Environment/MI_BlockoutSimple_Inst.uasset" 123
"D:/mypro/Unreal_Demo/FirstPersonDemo/Content/FirstPerson/Character/Mesh/SK_Mannequin_Arms_Skeleton.uasset" 124
"D:/mypro/Unreal_Demo/FirstPersonDemo/Content/FirstPerson/Animations/FirstPerson_Fire.uasset" 125
"D:/mypro/Unreal_Demo/FirstPersonDemo/Content/FirstPerson/Animations/FirstPersonFire_Montage.uasset" 126
"D:/mypro/Unreal_Demo/FirstPersonDemo/Content/FirstPerson/Animations/FirstPerson_Idle.uasset" 127
"D:/mypro/Unreal_Demo/FirstPersonDemo/Content/FirstPerson/Animations/FirstPerson_JumpEnd.uasset" 128
"D:/mypro/Unreal_Demo/FirstPersonDemo/Content/FirstPerson/Animations/FirstPerson_JumpLoop.uasset" 129
"D:/mypro/Unreal_Demo/FirstPersonDemo/Content/FirstPerson/Animations/FirstPerson_JumpStart.uasset" 130
"D:/mypro/Unreal_Demo/FirstPersonDemo/Content/FirstPerson/Animations/FirstPerson_Run.uasset" 131
"../../../Engine/Content/EditorBlueprintResources/StandardMacros.uasset" 132
"D:/mypro/Unreal_Demo/FirstPersonDemo/Content/FirstPerson/Animations/FirstPerson_AnimBP.uasset" 133
"D:/mypro/Unreal_Demo/FirstPersonDemo/Content/FirstPerson/Audio/FirstPersonTemplateWeaponFire02.uasset" 134
"D:/mypro/Unreal_Demo/FirstPersonDemo/Content/FirstPerson/Character/Materials/MaterialLayers/T_ML_Rubber_Blue_01_D.uasset" 135
"D:/mypro/Unreal_Demo/FirstPersonDemo/Content/FirstPerson/Character/Materials/MaterialLayers/T_ML_Rubber_Blue_01_N.uasset" 136
"D:/mypro/Unreal_Demo/FirstPersonDemo/Content/FirstPerson/Character/Materials/MaterialLayers/ML_GlossyBlack_Latex_UE4.uasset" 137
"D:/mypro/Unreal_Demo/FirstPersonDemo/Content/FirstPerson/Character/Materials/MaterialLayers/ML_Plastic_Shiny_Beige.uasset" 138
"D:/mypro/Unreal_Demo/FirstPersonDemo/Content/FirstPerson/Character/Textures/UE4_LOGO_CARD.uasset" 139
"D:/mypro/Unreal_Demo/FirstPersonDemo/Content/FirstPerson/Character/Materials/MaterialLayers/ML_Plastic_Shiny_Beige_LOGO.uasset" 140
"D:/mypro/Unreal_Demo/FirstPersonDemo/Content/FirstPerson/Character/Materials/MaterialLayers/T_ML_Aluminum01.uasset" 141
"D:/mypro/Unreal_Demo/FirstPersonDemo/Content/FirstPerson/Character/Materials/MaterialLayers/T_ML_Aluminum01_N.uasset" 142
"D:/mypro/Unreal_Demo/FirstPersonDemo/Content/FirstPerson/Character/Materials/MaterialLayers/ML_SoftMetal_UE4.uasset" 143
"D:/mypro/Unreal_Demo/FirstPersonDemo/Content/FirstPerson/Character/Textures/UE4_Mannequin__normals.uasset" 144
"D:/mypro/Unreal_Demo/FirstPersonDemo/Content/FirstPerson/Character/Textures/UE4_Mannequin_MAT_MASKA.uasset" 145
"D:/mypro/Unreal_Demo/FirstPersonDemo/Content/FirstPerson/Character/Materials/M_UE4Man_Body.uasset" 146
"D:/mypro/Unreal_Demo/FirstPersonDemo/Content/FirstPerson/Character/Mesh/SK_Mannequin_Arms_PhysicsAsset.uasset" 147
"D:/mypro/Unreal_Demo/FirstPersonDemo/Content/FirstPerson/Character/Mesh/SK_Mannequin_Arms.uasset" 148
"D:/mypro/Unreal_Demo/FirstPersonDemo/Content/FirstPerson/FPWeapon/Materials/MaterialLayers/ML_Plastic_Shiny_Beige_LOGO.uasset" 149
"D:/mypro/Unreal_Demo/FirstPersonDemo/Content/FirstPerson/FPWeapon/Materials/MaterialLayers/T_ML_FineRubber.uasset" 150
"D:/mypro/Unreal_Demo/FirstPersonDemo/Content/FirstPerson/FPWeapon/Materials/MaterialLayers/T_ML_Rubber_Blue_01_D.uasset" 151
"D:/mypro/Unreal_Demo/FirstPersonDemo/Content/FirstPerson/FPWeapon/Materials/MaterialLayers/T_ML_Rubber_Blue_01_N.uasset" 152
"D:/mypro/Unreal_Demo/FirstPersonDemo/Content/FirstPerson/FPWeapon/Materials/MaterialLayers/ML_GlossyBlack_Latex_UE4.uasset" 153
"D:/mypro/Unreal_Demo/FirstPersonDemo/Content/FirstPerson/FPWeapon/Materials/MaterialLayers/ML_Plastic_Shiny_Beige.uasset" 154
"D:/mypro/Unreal_Demo/FirstPersonDemo/Content/FirstPerson/FPWeapon/Materials/MaterialLayers/ML_Screen.uasset" 155
"D:/mypro/Unreal_Demo/FirstPersonDemo/Content/FirstPerson/FPWeapon/Materials/MaterialLayers/T_ML_Aluminum01.uasset" 156
"D:/mypro/Unreal_Demo/FirstPersonDemo/Content/FirstPerson/FPWeapon/Materials/MaterialLayers/T_ML_Aluminum01_N.uasset" 157
"D:/mypro/Unreal_Demo/FirstPersonDemo/Content/FirstPerson/FPWeapon/Materials/MaterialLayers/ML_SoftMetal_UE4.uasset" 158
"D:/mypro/Unreal_Demo/FirstPersonDemo/Content/FirstPerson/FPWeapon/Textures/T_FPGun_M.uasset" 159
"D:/mypro/Unreal_Demo/FirstPersonDemo/Content/FirstPerson/FPWeapon/Textures/T_FPGun_N.uasset" 160
"D:/mypro/Unreal_Demo/FirstPersonDemo/Content/FirstPerson/FPWeapon/Materials/M_FPGun.uasset" 161
"D:/mypro/Unreal_Demo/FirstPersonDemo/Content/FirstPerson/FPWeapon/Mesh/SK_FPGun_Skeleton.uasset" 162
"D:/mypro/Unreal_Demo/FirstPersonDemo/Content/FirstPerson/FPWeapon/Mesh/SK_FPGun.uasset" 163
"D:/mypro/Unreal_Demo/FirstPersonDemo/Content/FirstPerson/FPWeapon/Mesh/SK_FPGun_PhysicsAsset.uasset" 164
"D:/mypro/Unreal_Demo/FirstPersonDemo/Content/FirstPerson/Meshes/BaseMaterial.uasset" 165
"D:/mypro/Unreal_Demo/FirstPersonDemo/Content/FirstPerson/Meshes/CubeMaterialOverride.uasset" 166
"D:/mypro/Unreal_Demo/FirstPersonDemo/Content/FirstPerson/Meshes/FirstPersonProjectileMaterial.uasset" 167
"D:/mypro/Unreal_Demo/FirstPersonDemo/Content/FirstPerson/Meshes/FirstPersonProjectileMesh.uasset" 168
"D:/mypro/Unreal_Demo/FirstPersonDemo/Content/FirstPerson/Textures/FirstPersonCrosshair.uasset" 169
"D:/mypro/Unreal_Demo/FirstPersonDemo/Content/Geometry/Meshes/CubeMaterial.uasset" 170
"D:/mypro/Unreal_Demo/FirstPersonDemo/Content/Geometry/Meshes/TemplateFloor.uasset" 171
"D:/mypro/Unreal_Demo/FirstPersonDemo/Content/Weapons/MagGun_01_N.uasset" 172
"D:/mypro/Unreal_Demo/FirstPersonDemo/Content/Weapons/M_Weapon01.uasset" 173
"D:/mypro/Unreal_Demo/FirstPersonDemo/Content/Weapons/Launcher_01_N.uasset" 174
"D:/mypro/Unreal_Demo/FirstPersonDemo/Content/Weapons/MI_Launcher01.uasset" 175
"D:/mypro/Unreal_Demo/FirstPersonDemo/Content/Weapons/Launcher_02_N.uasset" 176
"D:/mypro/Unreal_Demo/FirstPersonDemo/Content/Weapons/MI_Launcher02.uasset" 177
"D:/mypro/Unreal_Demo/FirstPersonDemo/Content/Weapons/Launcher_Skeleton.uasset" 178
"D:/mypro/Unreal_Demo/FirstPersonDemo/Content/Weapons/Launcher.uasset" 179
"D:/mypro/Unreal_Demo/FirstPersonDemo/Content/Weapons/Crosshairs/T_Crosshair_Horizontal_M.uasset" 180
"D:/mypro/Unreal_Demo/FirstPersonDemo/Content/Weapons/Crosshairs/T_Crosshair_Scanline_M.uasset" 181
"D:/mypro/Unreal_Demo/FirstPersonDemo/Content/Weapons/Crosshairs/M_Crosshairs_MultiHolo_Scanline.uasset" 182
"D:/mypro/Unreal_Demo/FirstPersonDemo/Content/Weapons/MI_Rifle01.uasset" 183
"D:/mypro/Unreal_Demo/FirstPersonDemo/Content/Weapons/MagGun_02_N.uasset" 184
"D:/mypro/Unreal_Demo/FirstPersonDemo/Content/Weapons/MI_Rifle02.uasset" 185
"D:/mypro/Unreal_Demo/FirstPersonDemo/Content/Weapons/SK_Rifle_Skeleton.uasset" 186
"D:/mypro/Unreal_Demo/FirstPersonDemo/Content/Weapons/SK_Rifle.uasset" 187
"../../../Engine/Content/ArtTools/RenderToTexture/Meshes/S_1_Unit_Plane.uasset" 188
"../../../Engine/Content/EngineMaterials/DefaultMaterial.uasset" 189
"../../../Engine/Content/BasicShapes/Cone.uasset" 190
"../../../Engine/Content/BasicShapes/Cube.uasset" 191
"../../../Engine/Content/BasicShapes/Cylinder.uasset" 192
"../../../Engine/Content/BasicShapes/Plane.uasset" 193
"../../../Engine/Content/BasicShapes/Sphere.uasset" 194
"../../../Engine/Content/EditorLandscapeResources/DataLayer.uasset" 195
"../../../Engine/Content/EditorMaterials/GizmoMaterial.uasset" 196
"../../../Engine/Content/EditorMaterials/MAT_Groups_Toggle.uasset" 197
"../../../Engine/Content/EditorMaterials/MAT_Groups_Visibility.uasset" 198
"../../../Engine/Content/EditorMaterials/PreviewShadowIndicator.uasset" 199
"../../../Engine/Content/EditorMaterials/PreviewShadowIndicatorMaterial.uasset" 200
"../../../Engine/Content/EditorMaterials/MatineeGroups/MAT_ColorTrack.uasset" 201
"../../../Engine/Content/EditorMaterials/MatineeGroups/MAT_Groups_Anim.uasset" 202
"../../../Engine/Content/EditorMaterials/MatineeGroups/MAT_Groups_AudioMaster.uasset" 203
"../../../Engine/Content/EditorMaterials/MatineeGroups/MAT_Groups_Director.uasset" 204
"../../../Engine/Content/EditorMaterials/MatineeGroups/MAT_Groups_Event.uasset" 205
"../../../Engine/Content/EditorMaterials/MatineeGroups/MAT_Groups_Fade.uasset" 206
"../../../Engine/Content/EditorMaterials/MatineeGroups/MAT_Groups_Float.uasset" 207
"../../../Engine/Content/EditorMaterials/MatineeGroups/MAT_Groups_Move.uasset" 208
"../../../Engine/Content/EditorMaterials/MatineeGroups/MAT_Groups_Slomo.uasset" 209
"../../../Engine/Content/EditorMaterials/MatineeGroups/MAT_Groups_Sound.uasset" 210
"../../../Engine/Content/EditorMaterials/MatineeGroups/MAT_Groups_Vector.uasset" 211
"../../../Engine/Content/EditorMaterials/ParticleSystems/PSysThumbnail_NoImage.uasset" 212
"../../../Engine/Content/EditorMaterials/ParticleSystems/PSysThumbnail_OOD.uasset" 213
"../../../Engine/Content/EditorMaterials/Camera/CineMat.uasset" 214
"../../../Engine/Content/EditorMaterials/Camera/MI_CineMat_Rig.uasset" 215
"../../../Engine/Content/EditorMeshes/Camera/SM_CraneRig_Arm.uasset" 216
"../../../Engine/Content/EditorMeshes/Camera/SM_CraneRig_Base.uasset" 217
"../../../Engine/Content/EditorMeshes/Camera/SM_CraneRig_Body.uasset" 218
"../../../Engine/Content/EditorMeshes/Camera/SM_CraneRig_Mount.uasset" 219
"../../../Engine/Content/EditorMeshes/Camera/SM_RailRig_Mount.uasset" 220
"../../../Engine/Content/EditorMeshes/Camera/SM_RailRig_Track.uasset" 221
"../../../Engine/Content/EditorResources/BSPVertex.uasset" 222
"../../../Engine/Content/EditorResources/EmptyActor.uasset" 223
"../../../Engine/Content/EditorResources/S_Actor.uasset" 224
"../../../Engine/Content/EditorResources/S_Trigger.uasset" 225
"../../../Engine/Content/EditorResources/LightIcons/S_LightError.uasset" 226
"../../../Engine/Content/EditorResources/SequenceRecorder/Countdown.uasset" 227
"../../../Engine/Content/EditorResources/SequenceRecorder/RecordingIndicator.uasset" 228
"../../../Engine/Content/EditorSounds/Notifications/CompileFailed.uasset" 229
"../../../Engine/Content/EditorSounds/Notifications/CompileFailed_Cue.uasset" 230
"../../../Engine/Content/EditorSounds/Notifications/CompileSuccess.uasset" 231
"../../../Engine/Content/EditorSounds/Notifications/CompileStart_Cue.uasset" 232
"../../../Engine/Content/EditorSounds/Notifications/CompileSuccess_Cue.uasset" 233
"../../../Engine/Content/EngineDamageTypes/DmgTypeBP_Environmental.uasset" 234
"../../../Engine/Content/EngineDebugMaterials/HeatmapGradient.uasset" 235
"../../../Engine/Content/EngineDebugMaterials/BoneWeightMaterial.uasset" 236
"../../../Engine/Content/EngineDebugMaterials/ClothMaterial.uasset" 237
"../../../Engine/Content/EngineDebugMaterials/ClothMaterial_WF.uasset" 238
"../../../Engine/Content/EngineDebugMaterials/DebugEditorMaterial.uasset" 239
"../../../Engine/Content/EngineDebugMaterials/DebugMeshMaterial.uasset" 240
"../../../Engine/Content/EngineDebugMaterials/GeomMaterial.uasset" 241
"../../../Engine/Content/EngineDebugMaterials/M_SimpleTranslucent.uasset" 242
"../../../Engine/Content/EngineFonts/Faces/RobotoBold.uasset" 243
"../../../Engine/Content/EngineFonts/Faces/RobotoBoldItalic.uasset" 244
"../../../Engine/Content/EngineFonts/Faces/RobotoItalic.uasset" 245
"../../../Engine/Content/EngineFonts/Faces/RobotoLight.uasset" 246
"../../../Engine/Content/EngineFonts/Faces/RobotoRegular.uasset" 247
"../../../Engine/Content/EngineFonts/Roboto.uasset" 248
"../../../Engine/Content/EngineFonts/Faces/RobotoTiny.uasset" 249
"../../../Engine/Content/EngineFonts/RobotoTiny.uasset" 250
"../../../Engine/Content/EngineMaterials/BaseFlattenDiffuseMap.uasset" 251
"../../../Engine/Content/EngineMaterials/BaseFlattenEmissiveMap.uasset" 252
"../../../Engine/Content/EngineMaterials/BaseFlattenGrayscaleMap.uasset" 253
"../../../Engine/Content/EngineMaterials/BaseFlattenNormalMap.uasset" 254
"../../../Engine/Content/EngineMaterials/BaseFlattenMaterial.uasset" 255
"../../../Engine/Content/EngineMaterials/DefaultBloomKernel.uasset" 256
"../../../Engine/Content/EngineMaterials/DefaultBokeh.uasset" 257
"../../../Engine/Content/EngineMaterials/DefaultDiffuse.uasset" 258
"../../../Engine/Content/EngineMaterials/DefaultDeferredDecalMaterial.uasset" 259
"../../../Engine/Content/EngineMaterials/DefaultLightFunctionMaterial.uasset" 260
"../../../Engine/Content/EngineMaterials/DefaultPhysicalMaterial.uasset" 261
"../../../Engine/Content/Functions/Engine_MaterialFunctions02/Utility/BreakOutFloat2Components.uasset" 262
"../../../Engine/Content/EngineMaterials/DefaultPostProcessMaterial.uasset" 263
"../../../Engine/Content/EngineMaterials/DefaultTextMaterialOpaque.uasset" 264
"../../../Engine/Content/EngineMaterials/DefaultWhiteGrid.uasset" 265
"../../../Engine/Content/EngineMaterials/EditorBrushMaterial.uasset" 266
"../../../Engine/Content/EngineMaterials/Good64x64TilingNoiseHighFreq.uasset" 267
"../../../Engine/Content/EngineMaterials/MiniFont.uasset" 268
"../../../Engine/Content/EngineMaterials/InvalidLightmapSettings.uasset" 269
"../../../Engine/Content/EngineMaterials/M_InvalidLightmapSettings.uasset" 270
"../../../Engine/Content/Functions/Engine_MaterialFunctions02/WorldPositionOffset/CameraOffset.uasset" 271
"../../../Engine/Content/EngineMaterials/PhAT_JointLimitMaterial.uasset" 272
"../../../Engine/Content/EngineMaterials/PreintegratedSkinBRDF.uasset" 273
"../../../Engine/Content/EngineMaterials/RemoveSurfaceMaterial.uasset" 274
"../../../Engine/Content/EngineMaterials/WeightMapPlaceholderTexture.uasset" 275
"../../../Engine/Content/EngineMaterials/Widget3DPassThrough.uasset" 276
"../../../Engine/Content/EngineMaterials/Widget3DPassThrough_Masked.uasset" 277
"../../../Engine/Content/EngineMaterials/Widget3DPassThrough_Opaque.uasset" 278
"../../../Engine/Content/EngineMaterials/Widget3DPassThrough_Masked_OneSided.uasset" 279
"../../../Engine/Content/EngineMaterials/Widget3DPassThrough_Opaque_OneSided.uasset" 280
"../../../Engine/Content/EngineMaterials/Widget3DPassThrough_Translucent.uasset" 281
"../../../Engine/Content/EngineMaterials/Widget3DPassThrough_Translucent_OneSided.uasset" 282
"../../../Engine/Content/EngineMeshes/Cylinder.uasset" 283
"../../../Engine/Content/EngineMeshes/Sphere.uasset" 284
"../../../Engine/Content/EngineResources/Black.uasset" 285
"../../../Engine/Content/EngineResources/DefaultTexture.uasset" 286
"../../../Engine/Content/EngineResources/DefaultTextureCube.uasset" 287
"../../../Engine/Content/EngineResources/DefaultVolumeTexture2D.uasset" 288
"../../../Engine/Content/EngineResources/DefaultVolumeTexture.uasset" 289
"../../../Engine/Content/EngineResources/GradientTexture0.uasset" 290
"../../../Engine/Content/EngineSounds/Master.uasset" 291
"../../../Engine/Content/Functions/Engine_MaterialFunctions01/Shading/ConvertFromDiffSpec.uasset" 292
"../../../Engine/Content/Functions/Engine_MaterialFunctions01/Shading/PowerToRoughness.uasset" 293
"../../../Engine/Content/Maps/Templates/Thumbnails/Default.uasset" 294
"../../../Engine/Content/Maps/Templates/Thumbnails/VR-Basic.uasset" 295
"../../../Engine/Content/MobileResources/T_MobileControls_texture.uasset" 296
"../../../Engine/Content/MobileResources/T_MobileMenu2.uasset" 297
"../../../Engine/Content/MobileResources/HUD/AnalogHat.uasset" 298
"../../../Engine/Content/MobileResources/HUD/VirtualJoystick_Background.uasset" 299
"../../../Engine/Content/MobileResources/HUD/VirtualJoystick_Thumb.uasset" 300
"../../../Engine/Content/MobileResources/HUD/DefaultVirtualJoysticks.uasset" 301
"../../../Engine/Content/MobileResources/HUD/LeftVirtualJoystickOnly.uasset" 302
"../../../Engine/Content/MobileResources/HUD/MobileHUDButton1_off.uasset" 303
"../../../Engine/Content/MobileResources/HUD/MobileHUDButton1_on.uasset" 304
"../../../Engine/Content/MobileResources/HUD/MobileHUDButton2_off.uasset" 305
"../../../Engine/Content/MobileResources/HUD/MobileHUDButton2_on.uasset" 306
"../../../Engine/Content/MobileResources/HUD/MobileHUDButton3.uasset" 307
"../../../Engine/Content/MobileResources/HUD/MobileHUDButtonFire.uasset" 308
"../../../Engine/Content/MobileResources/HUD/MobileHUDDirectionPad.uasset" 309
"../../../Engine/Content/MobileResources/HUD/MobileHUDDirectionPad2.uasset" 310
"../../../Engine/Content/MobileResources/HUD/MobileHUDDirectionPad3.uasset" 311
"../../../Engine/Content/MobileResources/HUD/MobileHUDDirectionStick.uasset" 312
"../../../Engine/Content/MobileResources/HUD/T_Castle_ThumbstickInner.uasset" 313
"../../../Engine/Content/MobileResources/HUD/T_Castle_ThumbstickOutter.uasset" 314
"../../../Engine/Content/Tutorial/ContentIntroCurve.uasset" 315
"../../../Engine/Content/VREditor/LaserPointer/VR_LaserPower_01.uasset" 316
"../../../Engine/Content/VREditor/TransformGizmo/TransformGizmoMaterial.uasset" 317
"../../../Engine/Content/VREditor/TransformGizmo/TranslucentTransformGizmoMaterial.uasset" 318
"../../../Engine/Content/VREditor/TransformGizmo/BoundingBoxCorner.uasset" 319
"../../../Engine/Content/VREditor/TransformGizmo/BoundingBoxEdge.uasset" 320
"../../../Engine/Content/VREditor/TransformGizmo/PlaneTranslationHandle.uasset" 321
"../../../Engine/Content/VREditor/TransformGizmo/Main.uasset" 322
"../../../Engine/Content/VREditor/TransformGizmo/Xray.uasset" 323
"../../../Engine/Content/VREditor/TransformGizmo/SM_Sequencer_Key.uasset" 324
"../../../Engine/Content/VREditor/TransformGizmo/SM_Sequencer_Node.uasset" 325
"../../Plugins/2D/Paper2D/Content/PlaceholderTextures/DummySpriteTexture.uasset" 326
"../../Plugins/2D/Paper2D/Content/DummySprite.uasset" 327
"../../Plugins/2D/Paper2D/Content/DefaultPaperTerrainMaterial.uasset" 328
"../../Plugins/2D/Paper2D/Content/DefaultSpriteMaterial.uasset" 329
"../../Plugins/2D/Paper2D/Content/MaskedUnlitSpriteMaterial.uasset" 330
"../../Plugins/2D/Paper2D/Content/OpaqueUnlitSpriteMaterial.uasset" 331
"../../Plugins/Runtime/Oculus/OculusVR/Content/Materials/PokeAHoleMaterial.uasset" 332
"../../Plugins/Runtime/Oculus/OculusVR/Content/Textures/GearVRController_AO.uasset" 333
"../../Plugins/Runtime/Oculus/OculusVR/Content/Textures/GearVRController_Color.uasset" 334
"../../Plugins/Runtime/Oculus/OculusVR/Content/Textures/GearVRController_Normal.uasset" 335
"../../Plugins/Runtime/Oculus/OculusVR/Content/Materials/GearVRControllerMaterial.uasset" 336
"../../Plugins/Runtime/Oculus/OculusVR/Content/Meshes/GearVrController.uasset" 337
"../../Plugins/Runtime/Oculus/OculusVR/Content/Textures/touchController_albedo.uasset" 338
"../../Plugins/Runtime/Oculus/OculusVR/Content/Textures/touchController_controlmap.uasset" 339
"../../Plugins/Runtime/Oculus/OculusVR/Content/Materials/touchController_mat.uasset" 340
"../../Plugins/Runtime/Oculus/OculusVR/Content/Meshes/LeftTouchController.uasset" 341
"../../Plugins/Runtime/Oculus/OculusVR/Content/Meshes/RiftHMD.uasset" 342
"../../Plugins/Runtime/Oculus/OculusVR/Content/Meshes/RightTouchController.uasset" 343
"D:/mypro/Unreal_Demo/FirstPersonDemo/Content/AnimStarterPack/Ue4ASP_Character.uasset" 344
"../../../Engine/Content/EngineSky/C_Sky_Cloud_Color.uasset" 345
"../../../Engine/Content/EngineSky/C_Sky_Horizon_Color.uasset" 346
"../../../Engine/Content/EngineSky/C_Sky_Zenith_Color.uasset" 347
"../../../Engine/Content/EngineSky/T_Sky_Blue.uasset" 348
"../../../Engine/Content/EngineSky/T_Sky_Clouds_M.uasset" 349
"../../../Engine/Content/EngineSky/T_Sky_Stars.uasset" 350
"../../../Engine/Content/EngineSky/M_Sky_Panning_Clouds2.uasset" 351
"../../../Engine/Content/EngineSky/SM_SkySphere.uasset" 352
"../../../Engine/Content/EngineSky/BP_Sky_Sphere.uasset" 353
"D:/mypro/Unreal_Demo/FirstPersonDemo/Content/Maps/P_TestMap_BuiltData.uasset" 354
"../../../Engine/Content/EngineMaterials/T_Default_MacroVariation.uasset" 355
"D:/mypro/Unreal_Demo/FirstPersonDemo/Content/Environment/M_Cube.uasset" 356
"D:/mypro/Unreal_Demo/FirstPersonDemo/Content/Environment/M_Cube_Inst.uasset" 357
"D:/mypro/Unreal_Demo/FirstPersonDemo/Content/Environment/Shape_Cube.uasset" 358
"D:/mypro/Unreal_Demo/FirstPersonDemo/Content/Geometry/Meshes/1M_Cube.uasset" 359
"D:/mypro/Unreal_Demo/FirstPersonDemo/Content/Geometry/Meshes/1M_Cube_Chamfer.uasset" 360
"D:/mypro/Unreal_Demo/FirstPersonDemo/Content/Maps/P_TestMap.umap" 361
"D:/mypro/Unreal_Demo/FirstPersonDemo/Content/AnimStarterPack/Crouch_Idle_Rifle_Ironsights.uasset" 362
"D:/mypro/Unreal_Demo/FirstPersonDemo/Content/AnimStarterPack/Crouch_Walk_Fwd_Rifle_Ironsights.uasset" 363
"D:/mypro/Unreal_Demo/FirstPersonDemo/Content/AnimStarterPack/Equip_Pistol_Standing.uasset" 364
"D:/mypro/Unreal_Demo/FirstPersonDemo/Content/AnimStarterPack/Fire_Rifle_Ironsights.uasset" 365
"D:/mypro/Unreal_Demo/FirstPersonDemo/Content/AnimStarterPack/Hit_React_1.uasset" 366
"D:/mypro/Unreal_Demo/FirstPersonDemo/Content/AnimStarterPack/Hit_React_2.uasset" 367
"D:/mypro/Unreal_Demo/FirstPersonDemo/Content/AnimStarterPack/Hit_React_3.uasset" 368
"D:/mypro/Unreal_Demo/FirstPersonDemo/Content/AnimStarterPack/Idle_Rifle_Hip_Break1.uasset" 369
"D:/mypro/Unreal_Demo/FirstPersonDemo/Content/AnimStarterPack/Idle_Rifle_Hip_Break2.uasset" 370
"D:/mypro/Unreal_Demo/FirstPersonDemo/Content/AnimStarterPack/Reload_Rifle_Hip.uasset" 371
"D:/mypro/Unreal_Demo/FirstPersonDemo/Content/AnimStarterPack/Walk_Fwd_Rifle_Ironsights.uasset" 372
"../../../Engine/Content/TemplateResources/M_Template_Master.uasset" 373
"../../../Engine/Content/TemplateResources/MI_Template_BaseGray_03_Metal.uasset" 374
"D:/mypro/Unreal_Demo/FirstPersonDemo/Content/AnimStarterPack/Showcase.umap" 375
"../../../Engine/Content/Maps/Entry_BuiltData.uasset" 376
"../../../Engine/Content/Maps/Entry.umap" 377
